[0.579s] Invoking command in '/home/dragonet/ros2_ws': PYTHONPATH=/home/dragonet/ros2_ws/build/mypkg/prefix_override:/home/dragonet/ros2_ws/install/mypkg/lib/python3.8/site-packages:${PYTHONPATH} /usr/bin/python3 setup.py egg_info --egg-base build/mypkg build --build-base /home/dragonet/ros2_ws/build/mypkg/build install --record /home/dragonet/ros2_ws/build/mypkg/install.log --install-scripts $base/lib/mypkg --single-version-externally-managed
[0.697s] running egg_info
[0.697s] creating build/mypkg/mypkg.egg-info
[0.697s] writing build/mypkg/mypkg.egg-info/PKG-INFO
[0.698s] writing dependency_links to build/mypkg/mypkg.egg-info/dependency_links.txt
[0.698s] writing entry points to build/mypkg/mypkg.egg-info/entry_points.txt
[0.698s] writing requirements to build/mypkg/mypkg.egg-info/requires.txt
[0.698s] writing top-level names to build/mypkg/mypkg.egg-info/top_level.txt
[0.700s] writing manifest file 'build/mypkg/mypkg.egg-info/SOURCES.txt'
[0.722s] reading manifest file 'build/mypkg/mypkg.egg-info/SOURCES.txt'
[0.722s] writing manifest file 'build/mypkg/mypkg.egg-info/SOURCES.txt'
[0.723s] running build
[0.723s] running build_py
[0.723s] creating /home/dragonet/ros2_ws/build/mypkg/build
[0.723s] creating /home/dragonet/ros2_ws/build/mypkg/build/lib
[0.724s] creating /home/dragonet/ros2_ws/build/mypkg/build/lib/mypkg
[0.724s] copying mypkg/talker.py -> /home/dragonet/ros2_ws/build/mypkg/build/lib/mypkg
[0.724s] copying mypkg/listener.py -> /home/dragonet/ros2_ws/build/mypkg/build/lib/mypkg
[0.724s] copying mypkg/__init__.py -> /home/dragonet/ros2_ws/build/mypkg/build/lib/mypkg
[0.724s] running install
[0.725s] running install_lib
[0.725s] creating /home/dragonet/ros2_ws/install/mypkg/lib/python3.8/site-packages/mypkg
[0.726s] copying /home/dragonet/ros2_ws/build/mypkg/build/lib/mypkg/talker.py -> /home/dragonet/ros2_ws/install/mypkg/lib/python3.8/site-packages/mypkg
[0.726s] copying /home/dragonet/ros2_ws/build/mypkg/build/lib/mypkg/listener.py -> /home/dragonet/ros2_ws/install/mypkg/lib/python3.8/site-packages/mypkg
[0.726s] copying /home/dragonet/ros2_ws/build/mypkg/build/lib/mypkg/__init__.py -> /home/dragonet/ros2_ws/install/mypkg/lib/python3.8/site-packages/mypkg
[0.726s] byte-compiling /home/dragonet/ros2_ws/install/mypkg/lib/python3.8/site-packages/mypkg/talker.py to talker.cpython-38.pyc
[0.727s] byte-compiling /home/dragonet/ros2_ws/install/mypkg/lib/python3.8/site-packages/mypkg/listener.py to listener.cpython-38.pyc
[0.728s] byte-compiling /home/dragonet/ros2_ws/install/mypkg/lib/python3.8/site-packages/mypkg/__init__.py to __init__.cpython-38.pyc
[0.728s] running install_data
[0.728s] creating /home/dragonet/ros2_ws/install/mypkg/share/ament_index
[0.728s] creating /home/dragonet/ros2_ws/install/mypkg/share/ament_index/resource_index
[0.729s] creating /home/dragonet/ros2_ws/install/mypkg/share/ament_index/resource_index/packages
[0.729s] copying resource/mypkg -> /home/dragonet/ros2_ws/install/mypkg/share/ament_index/resource_index/packages
[0.729s] copying package.xml -> /home/dragonet/ros2_ws/install/mypkg/share/mypkg
[0.729s] copying launch/talk_listen.launch.py -> /home/dragonet/ros2_ws/install/mypkg/share/mypkg
[0.729s] running install_egg_info
[0.731s] Copying build/mypkg/mypkg.egg-info to /home/dragonet/ros2_ws/install/mypkg/lib/python3.8/site-packages/mypkg-0.0.0-py3.8.egg-info
[0.732s] running install_scripts
[0.744s] Installing listener script to /home/dragonet/ros2_ws/install/mypkg/lib/mypkg
[0.744s] Installing talker script to /home/dragonet/ros2_ws/install/mypkg/lib/mypkg
[0.745s] writing list of installed files to '/home/dragonet/ros2_ws/build/mypkg/install.log'
[0.760s] Invoked command in '/home/dragonet/ros2_ws' returned '0': PYTHONPATH=/home/dragonet/ros2_ws/build/mypkg/prefix_override:/home/dragonet/ros2_ws/install/mypkg/lib/python3.8/site-packages:${PYTHONPATH} /usr/bin/python3 setup.py egg_info --egg-base build/mypkg build --build-base /home/dragonet/ros2_ws/build/mypkg/build install --record /home/dragonet/ros2_ws/build/mypkg/install.log --install-scripts $base/lib/mypkg --single-version-externally-managed
