[0.572s] Invoking command in '/home/dragonet/ros2_ws': PYTHONPATH=/home/dragonet/ros2_ws/build/mypkg/prefix_override:/home/dragonet/ros2_ws/install/mypkg/lib/python3.8/site-packages:${PYTHONPATH} /usr/bin/python3 setup.py egg_info --egg-base build/mypkg build --build-base /home/dragonet/ros2_ws/build/mypkg/build install --record /home/dragonet/ros2_ws/build/mypkg/install.log --install-scripts $base/lib/mypkg --single-version-externally-managed
[0.688s] running egg_info
[0.688s] writing build/mypkg/mypkg.egg-info/PKG-INFO
[0.688s] writing dependency_links to build/mypkg/mypkg.egg-info/dependency_links.txt
[0.688s] writing entry points to build/mypkg/mypkg.egg-info/entry_points.txt
[0.688s] writing requirements to build/mypkg/mypkg.egg-info/requires.txt
[0.688s] writing top-level names to build/mypkg/mypkg.egg-info/top_level.txt
[0.709s] reading manifest file 'build/mypkg/mypkg.egg-info/SOURCES.txt'
[0.710s] writing manifest file 'build/mypkg/mypkg.egg-info/SOURCES.txt'
[0.710s] running build
[0.710s] running build_py
[0.710s] running install
[0.711s] running install_lib
[0.712s] running install_data
[0.712s] running install_egg_info
[0.713s] removing '/home/dragonet/ros2_ws/install/mypkg/lib/python3.8/site-packages/mypkg-0.0.0-py3.8.egg-info' (and everything under it)
[0.713s] Copying build/mypkg/mypkg.egg-info to /home/dragonet/ros2_ws/install/mypkg/lib/python3.8/site-packages/mypkg-0.0.0-py3.8.egg-info
[0.714s] running install_scripts
[0.726s] Installing listener script to /home/dragonet/ros2_ws/install/mypkg/lib/mypkg
[0.726s] Installing talker script to /home/dragonet/ros2_ws/install/mypkg/lib/mypkg
[0.726s] writing list of installed files to '/home/dragonet/ros2_ws/build/mypkg/install.log'
[0.742s] Invoked command in '/home/dragonet/ros2_ws' returned '0': PYTHONPATH=/home/dragonet/ros2_ws/build/mypkg/prefix_override:/home/dragonet/ros2_ws/install/mypkg/lib/python3.8/site-packages:${PYTHONPATH} /usr/bin/python3 setup.py egg_info --egg-base build/mypkg build --build-base /home/dragonet/ros2_ws/build/mypkg/build install --record /home/dragonet/ros2_ws/build/mypkg/install.log --install-scripts $base/lib/mypkg --single-version-externally-managed
